<?xml version="1.0" encoding="UTF-8"?>
<!-- Generated by org.testng.reporters.JUnitXMLReporter -->
<testsuite hostname="krish" ignored="0" name="Default test" tests="3" failures="0" timestamp="2023-12-18T20:36:23 IST" time="24.951" errors="0">
  <testcase name="DataProvSampleTest" time="9.768" classname="testngdataprovider.t1"/>
  <testcase name="DataProvSampleTest" time="8.855" classname="testngdataprovider.t1"/>
  <testcase name="DataProvSampleTest" time="6.279" classname="testngdataprovider.t1"/>
</testsuite> <!-- Default test -->
